2024-05-15 09:00:06 [main] INFO  o.s.b.t.c.SpringBootTestContextBootstrapper - Neither @ContextConfiguration nor @ContextHierarchy found for test class [com.mini.auth.AuthTest], using SpringBootContextLoader
2024-05-15 09:00:06 [main] INFO  o.s.t.c.s.AbstractContextLoader - Could not detect default resource locations for test class [com.mini.auth.AuthTest]: no resource found for suffixes {-context.xml, Context.groovy}.
2024-05-15 09:00:06 [main] INFO  o.s.b.t.c.SpringBootTestContextBootstrapper - Loaded default TestExecutionListener class names from location [META-INF/spring.factories]: [org.springframework.boot.test.mock.mockito.MockitoTestExecutionListener, org.springframework.boot.test.mock.mockito.ResetMocksTestExecutionListener, org.springframework.boot.test.autoconfigure.restdocs.RestDocsTestExecutionListener, org.springframework.boot.test.autoconfigure.web.client.MockRestServiceServerResetTestExecutionListener, org.springframework.boot.test.autoconfigure.web.servlet.MockMvcPrintOnlyOnFailureTestExecutionListener, org.springframework.boot.test.autoconfigure.web.servlet.WebDriverTestExecutionListener, org.springframework.boot.test.autoconfigure.webservices.client.MockWebServiceServerTestExecutionListener, org.springframework.test.context.web.ServletTestExecutionListener, org.springframework.test.context.support.DirtiesContextBeforeModesTestExecutionListener, org.springframework.test.context.event.ApplicationEventsTestExecutionListener, org.springframework.test.context.support.DependencyInjectionTestExecutionListener, org.springframework.test.context.support.DirtiesContextTestExecutionListener, org.springframework.test.context.transaction.TransactionalTestExecutionListener, org.springframework.test.context.jdbc.SqlScriptsTestExecutionListener, org.springframework.test.context.event.EventPublishingTestExecutionListener]
2024-05-15 09:00:06 [main] INFO  o.s.b.t.c.SpringBootTestContextBootstrapper - Using TestExecutionListeners: [org.springframework.test.context.web.ServletTestExecutionListener@68f4865, org.springframework.test.context.support.DirtiesContextBeforeModesTestExecutionListener@4816278d, org.springframework.test.context.event.ApplicationEventsTestExecutionListener@4eaf3684, org.springframework.boot.test.mock.mockito.MockitoTestExecutionListener@40317ba2, org.springframework.boot.test.autoconfigure.SpringBootDependencyInjectionTestExecutionListener@3c01cfa1, org.springframework.test.context.support.DirtiesContextTestExecutionListener@45d2ade3, org.springframework.test.context.transaction.TransactionalTestExecutionListener@727eb8cb, org.springframework.test.context.jdbc.SqlScriptsTestExecutionListener@39d9314d, org.springframework.test.context.event.EventPublishingTestExecutionListener@b978d10, org.springframework.boot.test.mock.mockito.ResetMocksTestExecutionListener@5b7a8434, org.springframework.boot.test.autoconfigure.restdocs.RestDocsTestExecutionListener@5c45d770, org.springframework.boot.test.autoconfigure.web.client.MockRestServiceServerResetTestExecutionListener@2ce6c6ec, org.springframework.boot.test.autoconfigure.web.servlet.MockMvcPrintOnlyOnFailureTestExecutionListener@1bae316d, org.springframework.boot.test.autoconfigure.web.servlet.WebDriverTestExecutionListener@147a5d08, org.springframework.boot.test.autoconfigure.webservices.client.MockWebServiceServerTestExecutionListener@6676f6a0]
2024-05-15 09:00:07 [main] INFO  com.mini.auth.AuthTest - Starting AuthTest using Java 1.8.0_151 on zhonghanlu with PID 1796 (started by 14208 in D:\idea_project\springboot-mini-common\springboot-mini-common\emode-app)
2024-05-15 09:00:07 [main] INFO  com.mini.auth.AuthTest - The following 2 profiles are active: "dev", "hikari-dev"
2024-05-15 09:00:08 [main] INFO  org.redisson.Version - Redisson 3.24.3
2024-05-15 09:00:09 [redisson-netty-2-4] INFO  o.r.c.p.MasterPubSubConnectionPool - 1 connections initialized for 127.0.0.1/127.0.0.1:6379
2024-05-15 09:00:09 [redisson-netty-2-19] INFO  o.r.c.pool.MasterConnectionPool - 24 connections initialized for 127.0.0.1/127.0.0.1:6379
2024-05-15 09:00:10 [main] INFO  com.zaxxer.hikari.HikariDataSource - master - Starting...
2024-05-15 09:00:10 [main] INFO  com.zaxxer.hikari.HikariDataSource - master - Start completed.
2024-05-15 09:00:10 [main] INFO  c.b.d.d.DynamicRoutingDataSource - dynamic-datasource - add a datasource named [master] success
2024-05-15 09:00:10 [main] INFO  c.b.d.d.DynamicRoutingDataSource - dynamic-datasource initial loaded [1] datasource,primary datasource named [master]
2024-05-15 09:00:13 [main] INFO  com.mini.auth.AuthTest - Started AuthTest in 6.421 seconds (JVM running for 7.27)
2024-05-15 09:00:13 [SpringApplicationShutdownHook] INFO  c.b.d.d.DynamicRoutingDataSource - dynamic-datasource start closing ....
2024-05-15 09:00:13 [SpringApplicationShutdownHook] INFO  com.zaxxer.hikari.HikariDataSource - master - Shutdown initiated...
2024-05-15 09:00:13 [SpringApplicationShutdownHook] INFO  com.zaxxer.hikari.HikariDataSource - master - Shutdown completed.
2024-05-15 09:00:13 [SpringApplicationShutdownHook] INFO  c.b.d.d.d.DefaultDataSourceDestroyer - dynamic-datasource close the datasource named [master] success,
2024-05-15 09:00:13 [SpringApplicationShutdownHook] INFO  c.b.d.d.DynamicRoutingDataSource - dynamic-datasource all closed success,bye
2024-05-15 09:02:42 [main] INFO  o.s.b.t.c.SpringBootTestContextBootstrapper - Neither @ContextConfiguration nor @ContextHierarchy found for test class [com.mini.auth.AuthTest], using SpringBootContextLoader
2024-05-15 09:02:42 [main] INFO  o.s.t.c.s.AbstractContextLoader - Could not detect default resource locations for test class [com.mini.auth.AuthTest]: no resource found for suffixes {-context.xml, Context.groovy}.
2024-05-15 09:02:42 [main] INFO  o.s.b.t.c.SpringBootTestContextBootstrapper - Loaded default TestExecutionListener class names from location [META-INF/spring.factories]: [org.springframework.boot.test.mock.mockito.MockitoTestExecutionListener, org.springframework.boot.test.mock.mockito.ResetMocksTestExecutionListener, org.springframework.boot.test.autoconfigure.restdocs.RestDocsTestExecutionListener, org.springframework.boot.test.autoconfigure.web.client.MockRestServiceServerResetTestExecutionListener, org.springframework.boot.test.autoconfigure.web.servlet.MockMvcPrintOnlyOnFailureTestExecutionListener, org.springframework.boot.test.autoconfigure.web.servlet.WebDriverTestExecutionListener, org.springframework.boot.test.autoconfigure.webservices.client.MockWebServiceServerTestExecutionListener, org.springframework.test.context.web.ServletTestExecutionListener, org.springframework.test.context.support.DirtiesContextBeforeModesTestExecutionListener, org.springframework.test.context.event.ApplicationEventsTestExecutionListener, org.springframework.test.context.support.DependencyInjectionTestExecutionListener, org.springframework.test.context.support.DirtiesContextTestExecutionListener, org.springframework.test.context.transaction.TransactionalTestExecutionListener, org.springframework.test.context.jdbc.SqlScriptsTestExecutionListener, org.springframework.test.context.event.EventPublishingTestExecutionListener]
2024-05-15 09:02:42 [main] INFO  o.s.b.t.c.SpringBootTestContextBootstrapper - Using TestExecutionListeners: [org.springframework.test.context.web.ServletTestExecutionListener@305f031, org.springframework.test.context.support.DirtiesContextBeforeModesTestExecutionListener@592e843a, org.springframework.test.context.event.ApplicationEventsTestExecutionListener@1d1f7216, org.springframework.boot.test.mock.mockito.MockitoTestExecutionListener@423e4cbb, org.springframework.boot.test.autoconfigure.SpringBootDependencyInjectionTestExecutionListener@6e16b8b5, org.springframework.test.context.support.DirtiesContextTestExecutionListener@43b4fe19, org.springframework.test.context.transaction.TransactionalTestExecutionListener@25ddbbbb, org.springframework.test.context.jdbc.SqlScriptsTestExecutionListener@1536602f, org.springframework.test.context.event.EventPublishingTestExecutionListener@4ebea12c, org.springframework.boot.test.mock.mockito.ResetMocksTestExecutionListener@2a1edad4, org.springframework.boot.test.autoconfigure.restdocs.RestDocsTestExecutionListener@6256ac4f, org.springframework.boot.test.autoconfigure.web.client.MockRestServiceServerResetTestExecutionListener@44c79f32, org.springframework.boot.test.autoconfigure.web.servlet.MockMvcPrintOnlyOnFailureTestExecutionListener@7fcbe147, org.springframework.boot.test.autoconfigure.web.servlet.WebDriverTestExecutionListener@235f4c10, org.springframework.boot.test.autoconfigure.webservices.client.MockWebServiceServerTestExecutionListener@743cb8e0]
2024-05-15 09:02:42 [main] INFO  com.mini.auth.AuthTest - Starting AuthTest using Java 1.8.0_151 on zhonghanlu with PID 7464 (started by 14208 in D:\idea_project\springboot-mini-common\springboot-mini-common\emode-app)
2024-05-15 09:02:42 [main] INFO  com.mini.auth.AuthTest - The following 2 profiles are active: "dev", "hikari-dev"
2024-05-15 09:02:44 [main] INFO  org.redisson.Version - Redisson 3.24.3
2024-05-15 09:02:45 [redisson-netty-2-4] INFO  o.r.c.p.MasterPubSubConnectionPool - 1 connections initialized for 127.0.0.1/127.0.0.1:6379
2024-05-15 09:02:45 [redisson-netty-2-19] INFO  o.r.c.pool.MasterConnectionPool - 24 connections initialized for 127.0.0.1/127.0.0.1:6379
2024-05-15 09:02:45 [main] INFO  com.zaxxer.hikari.HikariDataSource - master - Starting...
2024-05-15 09:02:46 [main] INFO  com.zaxxer.hikari.HikariDataSource - master - Start completed.
2024-05-15 09:02:46 [main] INFO  c.b.d.d.DynamicRoutingDataSource - dynamic-datasource - add a datasource named [master] success
2024-05-15 09:02:46 [main] INFO  c.b.d.d.DynamicRoutingDataSource - dynamic-datasource initial loaded [1] datasource,primary datasource named [master]
2024-05-15 09:02:49 [main] INFO  com.mini.auth.AuthTest - Started AuthTest in 6.864 seconds (JVM running for 8.177)
2024-05-15 09:02:49 [SpringApplicationShutdownHook] INFO  c.b.d.d.DynamicRoutingDataSource - dynamic-datasource start closing ....
2024-05-15 09:02:49 [SpringApplicationShutdownHook] INFO  com.zaxxer.hikari.HikariDataSource - master - Shutdown initiated...
2024-05-15 09:02:49 [SpringApplicationShutdownHook] INFO  com.zaxxer.hikari.HikariDataSource - master - Shutdown completed.
2024-05-15 09:02:49 [SpringApplicationShutdownHook] INFO  c.b.d.d.d.DefaultDataSourceDestroyer - dynamic-datasource close the datasource named [master] success,
2024-05-15 09:02:49 [SpringApplicationShutdownHook] INFO  c.b.d.d.DynamicRoutingDataSource - dynamic-datasource all closed success,bye
2024-05-15 09:03:15 [main] INFO  o.s.b.t.c.SpringBootTestContextBootstrapper - Neither @ContextConfiguration nor @ContextHierarchy found for test class [com.mini.auth.AuthTest], using SpringBootContextLoader
2024-05-15 09:03:15 [main] INFO  o.s.t.c.s.AbstractContextLoader - Could not detect default resource locations for test class [com.mini.auth.AuthTest]: no resource found for suffixes {-context.xml, Context.groovy}.
2024-05-15 09:03:15 [main] INFO  o.s.b.t.c.SpringBootTestContextBootstrapper - Loaded default TestExecutionListener class names from location [META-INF/spring.factories]: [org.springframework.boot.test.mock.mockito.MockitoTestExecutionListener, org.springframework.boot.test.mock.mockito.ResetMocksTestExecutionListener, org.springframework.boot.test.autoconfigure.restdocs.RestDocsTestExecutionListener, org.springframework.boot.test.autoconfigure.web.client.MockRestServiceServerResetTestExecutionListener, org.springframework.boot.test.autoconfigure.web.servlet.MockMvcPrintOnlyOnFailureTestExecutionListener, org.springframework.boot.test.autoconfigure.web.servlet.WebDriverTestExecutionListener, org.springframework.boot.test.autoconfigure.webservices.client.MockWebServiceServerTestExecutionListener, org.springframework.test.context.web.ServletTestExecutionListener, org.springframework.test.context.support.DirtiesContextBeforeModesTestExecutionListener, org.springframework.test.context.event.ApplicationEventsTestExecutionListener, org.springframework.test.context.support.DependencyInjectionTestExecutionListener, org.springframework.test.context.support.DirtiesContextTestExecutionListener, org.springframework.test.context.transaction.TransactionalTestExecutionListener, org.springframework.test.context.jdbc.SqlScriptsTestExecutionListener, org.springframework.test.context.event.EventPublishingTestExecutionListener]
2024-05-15 09:03:15 [main] INFO  o.s.b.t.c.SpringBootTestContextBootstrapper - Using TestExecutionListeners: [org.springframework.test.context.web.ServletTestExecutionListener@305f031, org.springframework.test.context.support.DirtiesContextBeforeModesTestExecutionListener@592e843a, org.springframework.test.context.event.ApplicationEventsTestExecutionListener@1d1f7216, org.springframework.boot.test.mock.mockito.MockitoTestExecutionListener@423e4cbb, org.springframework.boot.test.autoconfigure.SpringBootDependencyInjectionTestExecutionListener@6e16b8b5, org.springframework.test.context.support.DirtiesContextTestExecutionListener@43b4fe19, org.springframework.test.context.transaction.TransactionalTestExecutionListener@25ddbbbb, org.springframework.test.context.jdbc.SqlScriptsTestExecutionListener@1536602f, org.springframework.test.context.event.EventPublishingTestExecutionListener@4ebea12c, org.springframework.boot.test.mock.mockito.ResetMocksTestExecutionListener@2a1edad4, org.springframework.boot.test.autoconfigure.restdocs.RestDocsTestExecutionListener@6256ac4f, org.springframework.boot.test.autoconfigure.web.client.MockRestServiceServerResetTestExecutionListener@44c79f32, org.springframework.boot.test.autoconfigure.web.servlet.MockMvcPrintOnlyOnFailureTestExecutionListener@7fcbe147, org.springframework.boot.test.autoconfigure.web.servlet.WebDriverTestExecutionListener@235f4c10, org.springframework.boot.test.autoconfigure.webservices.client.MockWebServiceServerTestExecutionListener@743cb8e0]
2024-05-15 09:03:16 [main] INFO  com.mini.auth.AuthTest - Starting AuthTest using Java 1.8.0_151 on zhonghanlu with PID 31644 (started by 14208 in D:\idea_project\springboot-mini-common\springboot-mini-common\emode-app)
2024-05-15 09:03:16 [main] INFO  com.mini.auth.AuthTest - The following 2 profiles are active: "dev", "hikari-dev"
2024-05-15 09:03:17 [main] INFO  org.redisson.Version - Redisson 3.24.3
2024-05-15 09:03:18 [redisson-netty-2-4] INFO  o.r.c.p.MasterPubSubConnectionPool - 1 connections initialized for 127.0.0.1/127.0.0.1:6379
2024-05-15 09:03:18 [redisson-netty-2-19] INFO  o.r.c.pool.MasterConnectionPool - 24 connections initialized for 127.0.0.1/127.0.0.1:6379
2024-05-15 09:03:19 [main] INFO  com.zaxxer.hikari.HikariDataSource - master - Starting...
2024-05-15 09:03:19 [main] INFO  com.zaxxer.hikari.HikariDataSource - master - Start completed.
2024-05-15 09:03:19 [main] INFO  c.b.d.d.DynamicRoutingDataSource - dynamic-datasource - add a datasource named [master] success
2024-05-15 09:03:19 [main] INFO  c.b.d.d.DynamicRoutingDataSource - dynamic-datasource initial loaded [1] datasource,primary datasource named [master]
2024-05-15 09:03:22 [main] INFO  com.mini.auth.AuthTest - Started AuthTest in 6.64 seconds (JVM running for 7.708)
2024-05-15 09:03:22 [SpringApplicationShutdownHook] INFO  c.b.d.d.DynamicRoutingDataSource - dynamic-datasource start closing ....
2024-05-15 09:03:22 [SpringApplicationShutdownHook] INFO  com.zaxxer.hikari.HikariDataSource - master - Shutdown initiated...
2024-05-15 09:03:22 [SpringApplicationShutdownHook] INFO  com.zaxxer.hikari.HikariDataSource - master - Shutdown completed.
2024-05-15 09:03:22 [SpringApplicationShutdownHook] INFO  c.b.d.d.d.DefaultDataSourceDestroyer - dynamic-datasource close the datasource named [master] success,
2024-05-15 09:03:22 [SpringApplicationShutdownHook] INFO  c.b.d.d.DynamicRoutingDataSource - dynamic-datasource all closed success,bye
2024-05-15 09:04:01 [main] INFO  o.s.b.t.c.SpringBootTestContextBootstrapper - Neither @ContextConfiguration nor @ContextHierarchy found for test class [com.mini.auth.AuthTest], using SpringBootContextLoader
2024-05-15 09:04:01 [main] INFO  o.s.t.c.s.AbstractContextLoader - Could not detect default resource locations for test class [com.mini.auth.AuthTest]: no resource found for suffixes {-context.xml, Context.groovy}.
2024-05-15 09:04:02 [main] INFO  o.s.b.t.c.SpringBootTestContextBootstrapper - Loaded default TestExecutionListener class names from location [META-INF/spring.factories]: [org.springframework.boot.test.mock.mockito.MockitoTestExecutionListener, org.springframework.boot.test.mock.mockito.ResetMocksTestExecutionListener, org.springframework.boot.test.autoconfigure.restdocs.RestDocsTestExecutionListener, org.springframework.boot.test.autoconfigure.web.client.MockRestServiceServerResetTestExecutionListener, org.springframework.boot.test.autoconfigure.web.servlet.MockMvcPrintOnlyOnFailureTestExecutionListener, org.springframework.boot.test.autoconfigure.web.servlet.WebDriverTestExecutionListener, org.springframework.boot.test.autoconfigure.webservices.client.MockWebServiceServerTestExecutionListener, org.springframework.test.context.web.ServletTestExecutionListener, org.springframework.test.context.support.DirtiesContextBeforeModesTestExecutionListener, org.springframework.test.context.event.ApplicationEventsTestExecutionListener, org.springframework.test.context.support.DependencyInjectionTestExecutionListener, org.springframework.test.context.support.DirtiesContextTestExecutionListener, org.springframework.test.context.transaction.TransactionalTestExecutionListener, org.springframework.test.context.jdbc.SqlScriptsTestExecutionListener, org.springframework.test.context.event.EventPublishingTestExecutionListener]
2024-05-15 09:04:02 [main] INFO  o.s.b.t.c.SpringBootTestContextBootstrapper - Using TestExecutionListeners: [org.springframework.test.context.web.ServletTestExecutionListener@305f031, org.springframework.test.context.support.DirtiesContextBeforeModesTestExecutionListener@592e843a, org.springframework.test.context.event.ApplicationEventsTestExecutionListener@1d1f7216, org.springframework.boot.test.mock.mockito.MockitoTestExecutionListener@423e4cbb, org.springframework.boot.test.autoconfigure.SpringBootDependencyInjectionTestExecutionListener@6e16b8b5, org.springframework.test.context.support.DirtiesContextTestExecutionListener@43b4fe19, org.springframework.test.context.transaction.TransactionalTestExecutionListener@25ddbbbb, org.springframework.test.context.jdbc.SqlScriptsTestExecutionListener@1536602f, org.springframework.test.context.event.EventPublishingTestExecutionListener@4ebea12c, org.springframework.boot.test.mock.mockito.ResetMocksTestExecutionListener@2a1edad4, org.springframework.boot.test.autoconfigure.restdocs.RestDocsTestExecutionListener@6256ac4f, org.springframework.boot.test.autoconfigure.web.client.MockRestServiceServerResetTestExecutionListener@44c79f32, org.springframework.boot.test.autoconfigure.web.servlet.MockMvcPrintOnlyOnFailureTestExecutionListener@7fcbe147, org.springframework.boot.test.autoconfigure.web.servlet.WebDriverTestExecutionListener@235f4c10, org.springframework.boot.test.autoconfigure.webservices.client.MockWebServiceServerTestExecutionListener@743cb8e0]
2024-05-15 09:04:02 [main] INFO  com.mini.auth.AuthTest - Starting AuthTest using Java 1.8.0_151 on zhonghanlu with PID 15416 (started by 14208 in D:\idea_project\springboot-mini-common\springboot-mini-common\emode-app)
2024-05-15 09:04:02 [main] INFO  com.mini.auth.AuthTest - The following 2 profiles are active: "dev", "hikari-dev"
2024-05-15 09:04:04 [main] INFO  org.redisson.Version - Redisson 3.24.3
2024-05-15 09:04:04 [redisson-netty-2-4] INFO  o.r.c.p.MasterPubSubConnectionPool - 1 connections initialized for 127.0.0.1/127.0.0.1:6379
2024-05-15 09:04:04 [redisson-netty-2-3] INFO  o.r.c.pool.MasterConnectionPool - 32 connections initialized for 127.0.0.1/127.0.0.1:6379
2024-05-15 09:04:04 [main] INFO  com.mini.core.config.RedisConfig - 初始化 redis 配置
2024-05-15 09:04:05 [main] INFO  com.zaxxer.hikari.HikariDataSource - master - Starting...
2024-05-15 09:04:06 [main] INFO  com.zaxxer.hikari.HikariDataSource - master - Start completed.
2024-05-15 09:04:06 [main] INFO  c.b.d.d.DynamicRoutingDataSource - dynamic-datasource - add a datasource named [master] success
2024-05-15 09:04:06 [main] INFO  c.b.d.d.DynamicRoutingDataSource - dynamic-datasource initial loaded [1] datasource,primary datasource named [master]
2024-05-15 09:04:16 [main] INFO  com.mini.core.config.JacksonConfig - 初始化 jackson 配置
2024-05-15 09:04:18 [main] INFO  com.mini.auth.AuthTest - Started AuthTest in 16.786 seconds (JVM running for 17.826)
2024-05-15 09:04:19 [main] INFO  com.mini.auth.AuthTest - 插入成功
2024-05-15 09:04:19 [SpringApplicationShutdownHook] INFO  c.b.d.d.DynamicRoutingDataSource - dynamic-datasource start closing ....
2024-05-15 09:04:19 [SpringApplicationShutdownHook] INFO  com.zaxxer.hikari.HikariDataSource - master - Shutdown initiated...
2024-05-15 09:04:19 [SpringApplicationShutdownHook] INFO  com.zaxxer.hikari.HikariDataSource - master - Shutdown completed.
2024-05-15 09:04:19 [SpringApplicationShutdownHook] INFO  c.b.d.d.d.DefaultDataSourceDestroyer - dynamic-datasource close the datasource named [master] success,
2024-05-15 09:04:19 [SpringApplicationShutdownHook] INFO  c.b.d.d.DynamicRoutingDataSource - dynamic-datasource all closed success,bye
2024-05-15 09:05:19 [main] INFO  o.s.b.t.c.SpringBootTestContextBootstrapper - Neither @ContextConfiguration nor @ContextHierarchy found for test class [com.mini.auth.AuthTest], using SpringBootContextLoader
2024-05-15 09:05:19 [main] INFO  o.s.t.c.s.AbstractContextLoader - Could not detect default resource locations for test class [com.mini.auth.AuthTest]: no resource found for suffixes {-context.xml, Context.groovy}.
2024-05-15 09:05:19 [main] INFO  o.s.b.t.c.SpringBootTestContextBootstrapper - Loaded default TestExecutionListener class names from location [META-INF/spring.factories]: [org.springframework.boot.test.mock.mockito.MockitoTestExecutionListener, org.springframework.boot.test.mock.mockito.ResetMocksTestExecutionListener, org.springframework.boot.test.autoconfigure.restdocs.RestDocsTestExecutionListener, org.springframework.boot.test.autoconfigure.web.client.MockRestServiceServerResetTestExecutionListener, org.springframework.boot.test.autoconfigure.web.servlet.MockMvcPrintOnlyOnFailureTestExecutionListener, org.springframework.boot.test.autoconfigure.web.servlet.WebDriverTestExecutionListener, org.springframework.boot.test.autoconfigure.webservices.client.MockWebServiceServerTestExecutionListener, org.springframework.test.context.web.ServletTestExecutionListener, org.springframework.test.context.support.DirtiesContextBeforeModesTestExecutionListener, org.springframework.test.context.event.ApplicationEventsTestExecutionListener, org.springframework.test.context.support.DependencyInjectionTestExecutionListener, org.springframework.test.context.support.DirtiesContextTestExecutionListener, org.springframework.test.context.transaction.TransactionalTestExecutionListener, org.springframework.test.context.jdbc.SqlScriptsTestExecutionListener, org.springframework.test.context.event.EventPublishingTestExecutionListener]
2024-05-15 09:05:19 [main] INFO  o.s.b.t.c.SpringBootTestContextBootstrapper - Using TestExecutionListeners: [org.springframework.test.context.web.ServletTestExecutionListener@305f031, org.springframework.test.context.support.DirtiesContextBeforeModesTestExecutionListener@592e843a, org.springframework.test.context.event.ApplicationEventsTestExecutionListener@1d1f7216, org.springframework.boot.test.mock.mockito.MockitoTestExecutionListener@423e4cbb, org.springframework.boot.test.autoconfigure.SpringBootDependencyInjectionTestExecutionListener@6e16b8b5, org.springframework.test.context.support.DirtiesContextTestExecutionListener@43b4fe19, org.springframework.test.context.transaction.TransactionalTestExecutionListener@25ddbbbb, org.springframework.test.context.jdbc.SqlScriptsTestExecutionListener@1536602f, org.springframework.test.context.event.EventPublishingTestExecutionListener@4ebea12c, org.springframework.boot.test.mock.mockito.ResetMocksTestExecutionListener@2a1edad4, org.springframework.boot.test.autoconfigure.restdocs.RestDocsTestExecutionListener@6256ac4f, org.springframework.boot.test.autoconfigure.web.client.MockRestServiceServerResetTestExecutionListener@44c79f32, org.springframework.boot.test.autoconfigure.web.servlet.MockMvcPrintOnlyOnFailureTestExecutionListener@7fcbe147, org.springframework.boot.test.autoconfigure.web.servlet.WebDriverTestExecutionListener@235f4c10, org.springframework.boot.test.autoconfigure.webservices.client.MockWebServiceServerTestExecutionListener@743cb8e0]
2024-05-15 09:05:19 [main] INFO  com.mini.auth.AuthTest - Starting AuthTest using Java 1.8.0_151 on zhonghanlu with PID 7984 (started by 14208 in D:\idea_project\springboot-mini-common\springboot-mini-common\emode-app)
2024-05-15 09:05:19 [main] INFO  com.mini.auth.AuthTest - The following 2 profiles are active: "dev", "hikari-dev"
2024-05-15 09:05:21 [main] INFO  org.redisson.Version - Redisson 3.24.3
2024-05-15 09:05:22 [redisson-netty-2-4] INFO  o.r.c.p.MasterPubSubConnectionPool - 1 connections initialized for 127.0.0.1/127.0.0.1:6379
2024-05-15 09:05:22 [redisson-netty-2-3] INFO  o.r.c.pool.MasterConnectionPool - 32 connections initialized for 127.0.0.1/127.0.0.1:6379
2024-05-15 09:05:22 [main] INFO  com.mini.core.config.RedisConfig - 初始化 redis 配置
2024-05-15 09:05:23 [main] INFO  com.zaxxer.hikari.HikariDataSource - master - Starting...
2024-05-15 09:05:24 [main] INFO  com.zaxxer.hikari.HikariDataSource - master - Start completed.
2024-05-15 09:05:24 [main] INFO  c.b.d.d.DynamicRoutingDataSource - dynamic-datasource - add a datasource named [master] success
2024-05-15 09:05:24 [main] INFO  c.b.d.d.DynamicRoutingDataSource - dynamic-datasource initial loaded [1] datasource,primary datasource named [master]
2024-05-15 09:05:30 [main] INFO  com.mini.core.config.JacksonConfig - 初始化 jackson 配置
2024-05-15 09:05:32 [main] INFO  com.mini.auth.AuthTest - Started AuthTest in 13.392 seconds (JVM running for 14.471)
2024-05-15 09:06:34 [master housekeeper] WARN  com.zaxxer.hikari.pool.HikariPool - master - Thread starvation or clock leap detected (housekeeper delta=1m6s826ms469µs200ns).
2024-05-15 09:06:34 [main] INFO  com.mini.auth.AuthTest - 插入成功
2024-05-15 09:06:34 [SpringApplicationShutdownHook] INFO  c.b.d.d.DynamicRoutingDataSource - dynamic-datasource start closing ....
2024-05-15 09:06:34 [SpringApplicationShutdownHook] INFO  com.zaxxer.hikari.HikariDataSource - master - Shutdown initiated...
2024-05-15 09:06:34 [SpringApplicationShutdownHook] INFO  com.zaxxer.hikari.HikariDataSource - master - Shutdown completed.
2024-05-15 09:06:34 [SpringApplicationShutdownHook] INFO  c.b.d.d.d.DefaultDataSourceDestroyer - dynamic-datasource close the datasource named [master] success,
2024-05-15 09:06:34 [SpringApplicationShutdownHook] INFO  c.b.d.d.DynamicRoutingDataSource - dynamic-datasource all closed success,bye
2024-05-15 09:06:58 [main] INFO  o.s.b.t.c.SpringBootTestContextBootstrapper - Neither @ContextConfiguration nor @ContextHierarchy found for test class [com.mini.auth.AuthTest], using SpringBootContextLoader
2024-05-15 09:06:58 [main] INFO  o.s.t.c.s.AbstractContextLoader - Could not detect default resource locations for test class [com.mini.auth.AuthTest]: no resource found for suffixes {-context.xml, Context.groovy}.
2024-05-15 09:06:58 [main] INFO  o.s.b.t.c.SpringBootTestContextBootstrapper - Loaded default TestExecutionListener class names from location [META-INF/spring.factories]: [org.springframework.boot.test.mock.mockito.MockitoTestExecutionListener, org.springframework.boot.test.mock.mockito.ResetMocksTestExecutionListener, org.springframework.boot.test.autoconfigure.restdocs.RestDocsTestExecutionListener, org.springframework.boot.test.autoconfigure.web.client.MockRestServiceServerResetTestExecutionListener, org.springframework.boot.test.autoconfigure.web.servlet.MockMvcPrintOnlyOnFailureTestExecutionListener, org.springframework.boot.test.autoconfigure.web.servlet.WebDriverTestExecutionListener, org.springframework.boot.test.autoconfigure.webservices.client.MockWebServiceServerTestExecutionListener, org.springframework.test.context.web.ServletTestExecutionListener, org.springframework.test.context.support.DirtiesContextBeforeModesTestExecutionListener, org.springframework.test.context.event.ApplicationEventsTestExecutionListener, org.springframework.test.context.support.DependencyInjectionTestExecutionListener, org.springframework.test.context.support.DirtiesContextTestExecutionListener, org.springframework.test.context.transaction.TransactionalTestExecutionListener, org.springframework.test.context.jdbc.SqlScriptsTestExecutionListener, org.springframework.test.context.event.EventPublishingTestExecutionListener]
2024-05-15 09:06:58 [main] INFO  o.s.b.t.c.SpringBootTestContextBootstrapper - Using TestExecutionListeners: [org.springframework.test.context.web.ServletTestExecutionListener@305f031, org.springframework.test.context.support.DirtiesContextBeforeModesTestExecutionListener@592e843a, org.springframework.test.context.event.ApplicationEventsTestExecutionListener@1d1f7216, org.springframework.boot.test.mock.mockito.MockitoTestExecutionListener@423e4cbb, org.springframework.boot.test.autoconfigure.SpringBootDependencyInjectionTestExecutionListener@6e16b8b5, org.springframework.test.context.support.DirtiesContextTestExecutionListener@43b4fe19, org.springframework.test.context.transaction.TransactionalTestExecutionListener@25ddbbbb, org.springframework.test.context.jdbc.SqlScriptsTestExecutionListener@1536602f, org.springframework.test.context.event.EventPublishingTestExecutionListener@4ebea12c, org.springframework.boot.test.mock.mockito.ResetMocksTestExecutionListener@2a1edad4, org.springframework.boot.test.autoconfigure.restdocs.RestDocsTestExecutionListener@6256ac4f, org.springframework.boot.test.autoconfigure.web.client.MockRestServiceServerResetTestExecutionListener@44c79f32, org.springframework.boot.test.autoconfigure.web.servlet.MockMvcPrintOnlyOnFailureTestExecutionListener@7fcbe147, org.springframework.boot.test.autoconfigure.web.servlet.WebDriverTestExecutionListener@235f4c10, org.springframework.boot.test.autoconfigure.webservices.client.MockWebServiceServerTestExecutionListener@743cb8e0]
2024-05-15 09:06:58 [main] INFO  com.mini.auth.AuthTest - Starting AuthTest using Java 1.8.0_151 on zhonghanlu with PID 31060 (started by 14208 in D:\idea_project\springboot-mini-common\springboot-mini-common\emode-app)
2024-05-15 09:06:58 [main] INFO  com.mini.auth.AuthTest - The following 2 profiles are active: "dev", "hikari-dev"
2024-05-15 09:07:00 [main] INFO  org.redisson.Version - Redisson 3.24.3
2024-05-15 09:07:01 [redisson-netty-2-4] INFO  o.r.c.p.MasterPubSubConnectionPool - 1 connections initialized for 127.0.0.1/127.0.0.1:6379
2024-05-15 09:07:01 [redisson-netty-2-3] INFO  o.r.c.pool.MasterConnectionPool - 32 connections initialized for 127.0.0.1/127.0.0.1:6379
2024-05-15 09:07:01 [main] INFO  com.mini.core.config.RedisConfig - 初始化 redis 配置
2024-05-15 09:07:01 [main] INFO  com.zaxxer.hikari.HikariDataSource - master - Starting...
2024-05-15 09:07:02 [main] INFO  com.zaxxer.hikari.HikariDataSource - master - Start completed.
2024-05-15 09:07:02 [main] INFO  c.b.d.d.DynamicRoutingDataSource - dynamic-datasource - add a datasource named [master] success
2024-05-15 09:07:02 [main] INFO  c.b.d.d.DynamicRoutingDataSource - dynamic-datasource initial loaded [1] datasource,primary datasource named [master]
2024-05-15 09:07:02 [main] INFO  com.mini.core.config.JacksonConfig - 初始化 jackson 配置
2024-05-15 09:07:04 [main] INFO  com.mini.auth.AuthTest - Started AuthTest in 6.523 seconds (JVM running for 7.614)
2024-05-15 09:08:17 [master housekeeper] WARN  com.zaxxer.hikari.pool.HikariPool - master - Thread starvation or clock leap detected (housekeeper delta=1m15s448ms906µs900ns).
2024-05-15 09:08:18 [main] INFO  com.mini.auth.AuthTest - 插入成功
2024-05-15 09:08:18 [SpringApplicationShutdownHook] INFO  c.b.d.d.DynamicRoutingDataSource - dynamic-datasource start closing ....
2024-05-15 09:08:18 [SpringApplicationShutdownHook] INFO  com.zaxxer.hikari.HikariDataSource - master - Shutdown initiated...
2024-05-15 09:08:18 [SpringApplicationShutdownHook] INFO  com.zaxxer.hikari.HikariDataSource - master - Shutdown completed.
2024-05-15 09:08:18 [SpringApplicationShutdownHook] INFO  c.b.d.d.d.DefaultDataSourceDestroyer - dynamic-datasource close the datasource named [master] success,
2024-05-15 09:08:18 [SpringApplicationShutdownHook] INFO  c.b.d.d.DynamicRoutingDataSource - dynamic-datasource all closed success,bye
