2024-05-16 09:59:16 [main] INFO  o.s.b.t.c.SpringBootTestContextBootstrapper - Neither @ContextConfiguration nor @ContextHierarchy found for test class [com.mini.auth.AuthTest], using SpringBootContextLoader
2024-05-16 09:59:16 [main] INFO  o.s.t.c.s.AbstractContextLoader - Could not detect default resource locations for test class [com.mini.auth.AuthTest]: no resource found for suffixes {-context.xml, Context.groovy}.
2024-05-16 09:59:16 [main] INFO  o.s.b.t.c.SpringBootTestContextBootstrapper - Loaded default TestExecutionListener class names from location [META-INF/spring.factories]: [org.springframework.boot.test.mock.mockito.MockitoTestExecutionListener, org.springframework.boot.test.mock.mockito.ResetMocksTestExecutionListener, org.springframework.boot.test.autoconfigure.restdocs.RestDocsTestExecutionListener, org.springframework.boot.test.autoconfigure.web.client.MockRestServiceServerResetTestExecutionListener, org.springframework.boot.test.autoconfigure.web.servlet.MockMvcPrintOnlyOnFailureTestExecutionListener, org.springframework.boot.test.autoconfigure.web.servlet.WebDriverTestExecutionListener, org.springframework.boot.test.autoconfigure.webservices.client.MockWebServiceServerTestExecutionListener, org.springframework.test.context.web.ServletTestExecutionListener, org.springframework.test.context.support.DirtiesContextBeforeModesTestExecutionListener, org.springframework.test.context.event.ApplicationEventsTestExecutionListener, org.springframework.test.context.support.DependencyInjectionTestExecutionListener, org.springframework.test.context.support.DirtiesContextTestExecutionListener, org.springframework.test.context.transaction.TransactionalTestExecutionListener, org.springframework.test.context.jdbc.SqlScriptsTestExecutionListener, org.springframework.test.context.event.EventPublishingTestExecutionListener]
2024-05-16 09:59:16 [main] INFO  o.s.b.t.c.SpringBootTestContextBootstrapper - Using TestExecutionListeners: [org.springframework.test.context.web.ServletTestExecutionListener@2e48362c, org.springframework.test.context.support.DirtiesContextBeforeModesTestExecutionListener@1efe439d, org.springframework.test.context.event.ApplicationEventsTestExecutionListener@be68757, org.springframework.boot.test.mock.mockito.MockitoTestExecutionListener@7d446ed1, org.springframework.boot.test.autoconfigure.SpringBootDependencyInjectionTestExecutionListener@12d2ce03, org.springframework.test.context.support.DirtiesContextTestExecutionListener@7e5c856f, org.springframework.test.context.transaction.TransactionalTestExecutionListener@413f69cc, org.springframework.test.context.jdbc.SqlScriptsTestExecutionListener@1f53a5dc, org.springframework.test.context.event.EventPublishingTestExecutionListener@1b75c2e3, org.springframework.boot.test.mock.mockito.ResetMocksTestExecutionListener@1984b1f, org.springframework.boot.test.autoconfigure.restdocs.RestDocsTestExecutionListener@3bd323e9, org.springframework.boot.test.autoconfigure.web.client.MockRestServiceServerResetTestExecutionListener@39ac0c0a, org.springframework.boot.test.autoconfigure.web.servlet.MockMvcPrintOnlyOnFailureTestExecutionListener@c7ba306, org.springframework.boot.test.autoconfigure.web.servlet.WebDriverTestExecutionListener@4ff8d125, org.springframework.boot.test.autoconfigure.webservices.client.MockWebServiceServerTestExecutionListener@6d167f58]
2024-05-16 09:59:16 [main] INFO  com.mini.auth.AuthTest - Starting AuthTest using Java 1.8.0_151 on zhonghanlu with PID 30952 (started by 14208 in D:\idea_project\springboot-mini-common\springboot-mini-common\emode-app)
2024-05-16 09:59:16 [main] INFO  com.mini.auth.AuthTest - The following 2 profiles are active: "dev", "hikari-dev"
2024-05-16 09:59:18 [main] INFO  org.redisson.Version - Redisson 3.24.3
2024-05-16 09:59:18 [redisson-netty-2-4] INFO  o.r.c.p.MasterPubSubConnectionPool - 1 connections initialized for 127.0.0.1/127.0.0.1:6379
2024-05-16 09:59:18 [redisson-netty-2-3] INFO  o.r.c.pool.MasterConnectionPool - 32 connections initialized for 127.0.0.1/127.0.0.1:6379
2024-05-16 09:59:18 [main] INFO  com.mini.core.config.RedisConfig - 初始化 redis 配置
2024-05-16 09:59:19 [main] INFO  com.zaxxer.hikari.HikariDataSource - master - Starting...
2024-05-16 09:59:19 [main] INFO  com.zaxxer.hikari.HikariDataSource - master - Start completed.
2024-05-16 09:59:19 [main] INFO  c.b.d.d.DynamicRoutingDataSource - dynamic-datasource - add a datasource named [master] success
2024-05-16 09:59:19 [main] INFO  c.b.d.d.DynamicRoutingDataSource - dynamic-datasource initial loaded [1] datasource,primary datasource named [master]
2024-05-16 09:59:20 [main] INFO  com.mini.core.config.JacksonConfig - 初始化 jackson 配置
2024-05-16 09:59:21 [main] INFO  com.mini.auth.AuthTest - Started AuthTest in 5.279 seconds (JVM running for 5.985)
2024-05-16 09:59:22 [main] INFO  com.mini.auth.AuthTest - 插入成功
2024-05-16 09:59:22 [SpringApplicationShutdownHook] INFO  c.b.d.d.DynamicRoutingDataSource - dynamic-datasource start closing ....
2024-05-16 09:59:22 [SpringApplicationShutdownHook] INFO  com.zaxxer.hikari.HikariDataSource - master - Shutdown initiated...
2024-05-16 09:59:22 [SpringApplicationShutdownHook] INFO  com.zaxxer.hikari.HikariDataSource - master - Shutdown completed.
2024-05-16 09:59:22 [SpringApplicationShutdownHook] INFO  c.b.d.d.d.DefaultDataSourceDestroyer - dynamic-datasource close the datasource named [master] success,
2024-05-16 09:59:22 [SpringApplicationShutdownHook] INFO  c.b.d.d.DynamicRoutingDataSource - dynamic-datasource all closed success,bye
