2024-05-13 08:40:46 [main] INFO  com.mini.web.ModeApplication - Starting ModeApplication using Java 1.8.0_151 on zhonghanlu with PID 15892 (D:\idea_project\springboot-mini-common\springboot-mini-common\emode-app\target\classes started by 14208 in D:\idea_project\springboot-mini-common\springboot-mini-common)
2024-05-13 08:40:46 [main] INFO  com.mini.web.ModeApplication - The following 2 profiles are active: "dev", "hikari-dev"
2024-05-13 08:40:47 [main] WARN  o.m.s.mapper.ClassPathMapperScanner - No MyBatis mapper was found in '[com.mini.web]' package. Please check your configuration.
2024-05-13 08:40:47 [main] INFO  org.redisson.Version - Redisson 3.24.3
2024-05-13 08:40:48 [redisson-netty-2-4] INFO  o.r.c.p.MasterPubSubConnectionPool - 1 connections initialized for 127.0.0.1/127.0.0.1:6379
2024-05-13 08:40:48 [redisson-netty-2-3] INFO  o.r.c.pool.MasterConnectionPool - 32 connections initialized for 127.0.0.1/127.0.0.1:6379
2024-05-13 08:40:48 [main] INFO  com.mini.core.config.RedisConfig - 初始化 redis 配置
2024-05-13 08:40:48 [main] WARN  io.undertow.websockets.jsr - UT026010: Buffer pool was not set on WebSocketDeploymentInfo, the default pool will be used
2024-05-13 08:40:48 [main] INFO  io.undertow.servlet - Initializing Spring embedded WebApplicationContext
2024-05-13 08:40:48 [main] INFO  com.zaxxer.hikari.HikariDataSource - master - Starting...
2024-05-13 08:40:49 [main] INFO  com.zaxxer.hikari.HikariDataSource - master - Start completed.
2024-05-13 08:40:49 [main] INFO  c.b.d.d.DynamicRoutingDataSource - dynamic-datasource - add a datasource named [master] success
2024-05-13 08:40:49 [main] INFO  c.b.d.d.DynamicRoutingDataSource - dynamic-datasource initial loaded [1] datasource,primary datasource named [master]
2024-05-13 08:40:49 [main] INFO  com.mini.core.config.JacksonConfig - 初始化 jackson 配置
2024-05-13 08:40:50 [main] INFO  io.undertow - starting server: Undertow - 2.2.28.Final
2024-05-13 08:40:50 [main] INFO  org.xnio - XNIO version 3.8.7.Final
2024-05-13 08:40:50 [main] INFO  org.xnio.nio - XNIO NIO Implementation Version 3.8.7.Final
2024-05-13 08:40:50 [main] INFO  org.jboss.threads - JBoss Threads version 3.1.0.Final
2024-05-13 08:40:50 [main] INFO  com.mini.web.ModeApplication - Started ModeApplication in 4.613 seconds (JVM running for 6.124)
2024-05-13 08:40:51 [RMI TCP Connection(1)-192.168.0.47] INFO  io.undertow.servlet - Initializing Spring DispatcherServlet 'dispatcherServlet'
2024-05-13 13:31:45 [master housekeeper] WARN  com.zaxxer.hikari.pool.HikariPool - master - Thread starvation or clock leap detected (housekeeper delta=41m22s222ms253µs600ns).
2024-05-13 18:04:47 [SpringApplicationShutdownHook] INFO  io.undertow - stopping server: Undertow - 2.2.28.Final
2024-05-13 18:04:47 [SpringApplicationShutdownHook] INFO  io.undertow.servlet - Destroying Spring FrameworkServlet 'dispatcherServlet'
2024-05-13 18:04:47 [SpringApplicationShutdownHook] INFO  c.b.d.d.DynamicRoutingDataSource - dynamic-datasource start closing ....
2024-05-13 18:04:47 [SpringApplicationShutdownHook] INFO  com.zaxxer.hikari.HikariDataSource - master - Shutdown initiated...
2024-05-13 18:04:47 [SpringApplicationShutdownHook] INFO  com.zaxxer.hikari.HikariDataSource - master - Shutdown completed.
2024-05-13 18:04:47 [SpringApplicationShutdownHook] INFO  c.b.d.d.d.DefaultDataSourceDestroyer - dynamic-datasource close the datasource named [master] success,
2024-05-13 18:04:47 [SpringApplicationShutdownHook] INFO  c.b.d.d.DynamicRoutingDataSource - dynamic-datasource all closed success,bye
